IMPORTANT -> env PATH=/Library/PostgreSQL/9.1/bin:$PATH gem install pg

DONE -> Evitar doble click
DONE -> Un usuario no puede confirmar a otro usuario
DONE -> El nombre de usuario debería ser de dos caracteres mínimo
DONE -> Round en los scores
DONE -> refactor: Player.find(:all, :conditions => ["match_id = ?", @match.id], :order => "score desc") -> en el controller
DONE -> User Profile Edition
DONE -> small html refactorings
DONE -> navigation
DONE -> look and feel - first phase
DONE -> 2 digits for users
DONE -> Un usuario puede ingresar uno o mas comentarios a un partido
DONE -> Fieldset en todos los forms
DONE -> look and feel - second phase
DONE -> Score chart
DONE -> Google Analytics - Test phase 1
DONE -> Fixed bug when no match exists
------------------------------------------------------------------------------------------------------------------------
user name should be lower case without spaces
El SessionBag deberia ser un accessor del ApplicationController
login por username o email
La session del usuario deberia expirar a los 15 minutos de inactividad
change webserver
multilanguage support
change home when no user is a player
------------------------------------------------------------------------------------------------------------------------
REGRESSION TEST
------------------------------------------------------------------------------------------------------------------------
Encriptar password
Poder ver partidas pasadas
Notificaciones ante nuevo partido
Notificaciones para confirmar
Notificaciones cuando se cierra la inscripcion y confirmacion
------------------------------------------------------------------------------------------------------------------------
http://www.ajaxbestiary.com/Labs/SilkSprite/
https://github.com/joshuaclayton/blueprint-css/wiki/Plugins
https://github.com/pstuteville/sliding_session_timeout/blob/master/lib/sliding_session_timeout.rb
Los usuarios deberian ver un banner grafico
Los estados deberian ser iconos graficos
Poner Unicorn: http://michaelvanrooijen.com/articles/2011/06/01-more-concurrency-on-a-single-heroku-dyno-with-the-new-celadon-cedar-stack/
Estrategia de caching
Un usuario deberia poder subir su foto

http://stormy-earth-7600.herokuapp.com <http://stormy-earth-7600.herokuapp.com/> 
- Las reglas deberían estar publicadas
- Current match debería indicar la fecha, hora y lugar
- twitter para publicar las boludeces que decimos (si lo haces me convences para abrir una cuenta en twitter :P)
------------------------------------------------------------------------------------------------------------------------